Started GET "/" for 127.0.0.1 at 2021-05-31 11:50:44 -0400
  [1m[35m (32.5ms)[0m  [1m[34mSELECT sqlite_version(*)[0m
Processing by Rails::WelcomeController#index as HTML
  Rendering /home/justin/.rbenv/versions/2.7.0/lib/ruby/gems/2.7.0/gems/railties-6.1.3.2/lib/rails/templates/rails/welcome/index.html.erb
  Rendered /home/justin/.rbenv/versions/2.7.0/lib/ruby/gems/2.7.0/gems/railties-6.1.3.2/lib/rails/templates/rails/welcome/index.html.erb (Duration: 43.0ms | Allocations: 449)
Completed 200 OK in 102ms (Views: 52.7ms | ActiveRecord: 0.0ms | Allocations: 3636)


Started GET "/" for 127.0.0.1 at 2021-05-31 12:21:05 -0400
  [1m[35m (1.1ms)[0m  [1m[34mSELECT sqlite_version(*)[0m
Processing by Rails::WelcomeController#index as HTML
  Rendering /home/justin/.rbenv/versions/2.7.0/lib/ruby/gems/2.7.0/gems/railties-6.1.3.2/lib/rails/templates/rails/welcome/index.html.erb
  Rendered /home/justin/.rbenv/versions/2.7.0/lib/ruby/gems/2.7.0/gems/railties-6.1.3.2/lib/rails/templates/rails/welcome/index.html.erb (Duration: 23.9ms | Allocations: 337)
Completed 200 OK in 48ms (Views: 27.2ms | ActiveRecord: 0.0ms | Allocations: 2463)


Started GET "/" for 127.0.0.1 at 2021-05-31 12:21:10 -0400
Processing by Rails::WelcomeController#index as HTML
  Rendering /home/justin/.rbenv/versions/2.7.0/lib/ruby/gems/2.7.0/gems/railties-6.1.3.2/lib/rails/templates/rails/welcome/index.html.erb
  Rendered /home/justin/.rbenv/versions/2.7.0/lib/ruby/gems/2.7.0/gems/railties-6.1.3.2/lib/rails/templates/rails/welcome/index.html.erb (Duration: 27.8ms | Allocations: 220)
Completed 200 OK in 39ms (Views: 32.0ms | ActiveRecord: 0.0ms | Allocations: 835)


Started GET "/" for 127.0.0.1 at 2021-05-31 12:21:24 -0400
Processing by Rails::WelcomeController#index as HTML
  Rendering /home/justin/.rbenv/versions/2.7.0/lib/ruby/gems/2.7.0/gems/railties-6.1.3.2/lib/rails/templates/rails/welcome/index.html.erb
  Rendered /home/justin/.rbenv/versions/2.7.0/lib/ruby/gems/2.7.0/gems/railties-6.1.3.2/lib/rails/templates/rails/welcome/index.html.erb (Duration: 0.6ms | Allocations: 49)
Completed 200 OK in 2ms (Views: 1.2ms | ActiveRecord: 0.0ms | Allocations: 346)


Started GET "/" for 127.0.0.1 at 2021-05-31 12:22:47 -0400
Processing by Rails::WelcomeController#index as HTML
  Rendering /home/justin/.rbenv/versions/2.7.0/lib/ruby/gems/2.7.0/gems/railties-6.1.3.2/lib/rails/templates/rails/welcome/index.html.erb
  Rendered /home/justin/.rbenv/versions/2.7.0/lib/ruby/gems/2.7.0/gems/railties-6.1.3.2/lib/rails/templates/rails/welcome/index.html.erb (Duration: 0.5ms | Allocations: 48)
Completed 200 OK in 6ms (Views: 4.5ms | Allocations: 339)


Started GET "/" for 127.0.0.1 at 2021-05-31 12:22:48 -0400
Processing by Rails::WelcomeController#index as HTML
  Rendering /home/justin/.rbenv/versions/2.7.0/lib/ruby/gems/2.7.0/gems/railties-6.1.3.2/lib/rails/templates/rails/welcome/index.html.erb
  Rendered /home/justin/.rbenv/versions/2.7.0/lib/ruby/gems/2.7.0/gems/railties-6.1.3.2/lib/rails/templates/rails/welcome/index.html.erb (Duration: 0.4ms | Allocations: 49)
Completed 200 OK in 1ms (Views: 0.8ms | Allocations: 345)


Started GET "/" for 127.0.0.1 at 2021-05-31 12:22:49 -0400
Processing by Rails::WelcomeController#index as HTML
  Rendering /home/justin/.rbenv/versions/2.7.0/lib/ruby/gems/2.7.0/gems/railties-6.1.3.2/lib/rails/templates/rails/welcome/index.html.erb
  Rendered /home/justin/.rbenv/versions/2.7.0/lib/ruby/gems/2.7.0/gems/railties-6.1.3.2/lib/rails/templates/rails/welcome/index.html.erb (Duration: 0.5ms | Allocations: 48)
Completed 200 OK in 2ms (Views: 1.1ms | Allocations: 339)


Started GET "/" for 127.0.0.1 at 2021-05-31 12:22:49 -0400
Processing by Rails::WelcomeController#index as HTML
  Rendering /home/justin/.rbenv/versions/2.7.0/lib/ruby/gems/2.7.0/gems/railties-6.1.3.2/lib/rails/templates/rails/welcome/index.html.erb
  Rendered /home/justin/.rbenv/versions/2.7.0/lib/ruby/gems/2.7.0/gems/railties-6.1.3.2/lib/rails/templates/rails/welcome/index.html.erb (Duration: 1.8ms | Allocations: 48)
Completed 200 OK in 11ms (Views: 9.3ms | Allocations: 339)


Started GET "/" for 127.0.0.1 at 2021-05-31 12:22:50 -0400
Processing by Rails::WelcomeController#index as HTML
  Rendering /home/justin/.rbenv/versions/2.7.0/lib/ruby/gems/2.7.0/gems/railties-6.1.3.2/lib/rails/templates/rails/welcome/index.html.erb
  Rendered /home/justin/.rbenv/versions/2.7.0/lib/ruby/gems/2.7.0/gems/railties-6.1.3.2/lib/rails/templates/rails/welcome/index.html.erb (Duration: 0.6ms | Allocations: 49)
Completed 200 OK in 2ms (Views: 1.0ms | Allocations: 345)


Started GET "/" for 127.0.0.1 at 2021-05-31 12:22:50 -0400
Processing by Rails::WelcomeController#index as HTML
  Rendering /home/justin/.rbenv/versions/2.7.0/lib/ruby/gems/2.7.0/gems/railties-6.1.3.2/lib/rails/templates/rails/welcome/index.html.erb
  Rendered /home/justin/.rbenv/versions/2.7.0/lib/ruby/gems/2.7.0/gems/railties-6.1.3.2/lib/rails/templates/rails/welcome/index.html.erb (Duration: 0.4ms | Allocations: 48)
Completed 200 OK in 2ms (Views: 1.0ms | Allocations: 339)


Started GET "/articles" for 127.0.0.1 at 2021-05-31 12:24:19 -0400
  [1m[35m (0.9ms)[0m  [1m[34mSELECT sqlite_version(*)[0m
Processing by ArticlesController#index as HTML
  Rendering layout layouts/application.html.erb
  Rendering articles/index.html.erb within layouts/application
  Rendered articles/index.html.erb within layouts/application (Duration: 2.6ms | Allocations: 218)
[Webpacker] Compiling...
[Webpacker] Compiled all packs in /home/justin/odin_on_rails/blog/public/packs
[Webpacker] Though the "loose" option was set to "false" in your @babel/preset-env config, it will not be used for @babel/plugin-proposal-private-methods since the "loose" mode option was set to "true" for @babel/plugin-proposal-class-properties.
The "loose" option must be the same for @babel/plugin-proposal-class-properties, @babel/plugin-proposal-private-methods and @babel/plugin-proposal-private-property-in-object (when they are enabled): you can silence this warning by explicitly adding
	["@babel/plugin-proposal-private-methods", { "loose": true }]
to the "plugins" section of your Babel config.
Though the "loose" option was set to "false" in your @babel/preset-env config, it will not be used for @babel/plugin-proposal-private-methods since the "loose" mode option was set to "true" for @babel/plugin-proposal-class-properties.
The "loose" option must be the same for @babel/plugin-proposal-class-properties, @babel/plugin-proposal-private-methods and @babel/plugin-proposal-private-property-in-object (when they are enabled): you can silence this warning by explicitly adding
	["@babel/plugin-proposal-private-methods", { "loose": true }]
to the "plugins" section of your Babel config.
Though the "loose" option was set to "false" in your @babel/preset-env config, it will not be used for @babel/plugin-proposal-private-methods since the "loose" mode option was set to "true" for @babel/plugin-proposal-class-properties.
The "loose" option must be the same for @babel/plugin-proposal-class-properties, @babel/plugin-proposal-private-methods and @babel/plugin-proposal-private-property-in-object (when they are enabled): you can silence this warning by explicitly adding
	["@babel/plugin-proposal-private-methods", { "loose": true }]
to the "plugins" section of your Babel config.
Though the "loose" option was set to "false" in your @babel/preset-env config, it will not be used for @babel/plugin-proposal-private-methods since the "loose" mode option was set to "true" for @babel/plugin-proposal-class-properties.
The "loose" option must be the same for @babel/plugin-proposal-class-properties, @babel/plugin-proposal-private-methods and @babel/plugin-proposal-private-property-in-object (when they are enabled): you can silence this warning by explicitly adding
	["@babel/plugin-proposal-private-methods", { "loose": true }]
to the "plugins" section of your Babel config.
Though the "loose" option was set to "false" in your @babel/preset-env config, it will not be used for @babel/plugin-proposal-private-methods since the "loose" mode option was set to "true" for @babel/plugin-proposal-class-properties.
The "loose" option must be the same for @babel/plugin-proposal-class-properties, @babel/plugin-proposal-private-methods and @babel/plugin-proposal-private-property-in-object (when they are enabled): you can silence this warning by explicitly adding
	["@babel/plugin-proposal-private-methods", { "loose": true }]
to the "plugins" section of your Babel config.
Though the "loose" option was set to "false" in your @babel/preset-env config, it will not be used for @babel/plugin-proposal-private-methods since the "loose" mode option was set to "true" for @babel/plugin-proposal-class-properties.
The "loose" option must be the same for @babel/plugin-proposal-class-properties, @babel/plugin-proposal-private-methods and @babel/plugin-proposal-private-property-in-object (when they are enabled): you can silence this warning by explicitly adding
	["@babel/plugin-proposal-private-methods", { "loose": true }]
to the "plugins" section of your Babel config.

[Webpacker] Hash: e332c6419728fac579d5
Version: webpack 4.46.0
Time: 5776ms
Built at: 05/31/2021 12:24:29 PM
                                     Asset       Size       Chunks                         Chunk Names
    js/application-f826770d917d8a37c1d8.js    125 KiB  application  [emitted] [immutable]  application
js/application-f826770d917d8a37c1d8.js.map    139 KiB  application  [emitted] [dev]        application
                             manifest.json  364 bytes               [emitted]              
Entrypoint application = js/application-f826770d917d8a37c1d8.js js/application-f826770d917d8a37c1d8.js.map
[./app/javascript/channels sync recursive _channel\.js$] ./app/javascript/channels sync _channel\.js$ 160 bytes {application} [built]
[./app/javascript/channels/index.js] 211 bytes {application} [built]
[./app/javascript/packs/application.js] 492 bytes {application} [built]
[./node_modules/webpack/buildin/module.js] (webpack)/buildin/module.js 552 bytes {application} [built]
    + 3 hidden modules

  Rendered layout layouts/application.html.erb (Duration: 9976.3ms | Allocations: 16541)
Completed 200 OK in 10009ms (Views: 9985.8ms | ActiveRecord: 0.0ms | Allocations: 19068)


Started GET "/" for 127.0.0.1 at 2021-05-31 12:25:38 -0400
Processing by Rails::WelcomeController#index as HTML
  Rendering /home/justin/.rbenv/versions/2.7.0/lib/ruby/gems/2.7.0/gems/railties-6.1.3.2/lib/rails/templates/rails/welcome/index.html.erb
  Rendered /home/justin/.rbenv/versions/2.7.0/lib/ruby/gems/2.7.0/gems/railties-6.1.3.2/lib/rails/templates/rails/welcome/index.html.erb (Duration: 21.9ms | Allocations: 229)
Completed 200 OK in 25ms (Views: 23.7ms | ActiveRecord: 0.0ms | Allocations: 900)


Started GET "/" for 127.0.0.1 at 2021-05-31 12:26:46 -0400
Processing by ArticlesController#index as HTML
  Rendering layout layouts/application.html.erb
  Rendering articles/index.html.erb within layouts/application
  Rendered articles/index.html.erb within layouts/application (Duration: 0.5ms | Allocations: 104)
[Webpacker] Everything's up-to-date. Nothing to do
  Rendered layout layouts/application.html.erb (Duration: 13.1ms | Allocations: 3200)
Completed 200 OK in 19ms (Views: 16.5ms | Allocations: 4298)


Started GET "/" for 127.0.0.1 at 2021-05-31 12:26:49 -0400
Processing by ArticlesController#index as HTML
  Rendering layout layouts/application.html.erb
  Rendering articles/index.html.erb within layouts/application
  Rendered articles/index.html.erb within layouts/application (Duration: 0.1ms | Allocations: 36)
[Webpacker] Everything's up-to-date. Nothing to do
  Rendered layout layouts/application.html.erb (Duration: 16.8ms | Allocations: 2973)
Completed 200 OK in 20ms (Views: 19.1ms | Allocations: 3348)


  [1m[35m (0.7ms)[0m  [1m[34mSELECT sqlite_version(*)[0m
  [1m[35m (10.4ms)[0m  [1m[35mCREATE TABLE "schema_migrations" ("version" varchar NOT NULL PRIMARY KEY)[0m
  [1m[35m (7.8ms)[0m  [1m[35mCREATE TABLE "ar_internal_metadata" ("key" varchar NOT NULL PRIMARY KEY, "value" varchar, "created_at" datetime(6) NOT NULL, "updated_at" datetime(6) NOT NULL)[0m
  [1m[35m (0.3ms)[0m  [1m[34mSELECT "schema_migrations"."version" FROM "schema_migrations" ORDER BY "schema_migrations"."version" ASC[0m
Migrating to CreateArticles (20210531165137)
  [1m[36mTRANSACTION (0.1ms)[0m  [1m[36mbegin transaction[0m
  [1m[35m (3.3ms)[0m  [1m[35mCREATE TABLE "articles" ("id" integer PRIMARY KEY AUTOINCREMENT NOT NULL, "title" varchar, "body" text, "created_at" datetime(6) NOT NULL, "updated_at" datetime(6) NOT NULL)[0m
  [1m[36mActiveRecord::SchemaMigration Create (12.3ms)[0m  [1m[32mINSERT INTO "schema_migrations" ("version") VALUES (?)[0m  [["version", "20210531165137"]]
  [1m[36mTRANSACTION (10.3ms)[0m  [1m[36mcommit transaction[0m
  [1m[36mActiveRecord::InternalMetadata Load (0.3ms)[0m  [1m[34mSELECT "ar_internal_metadata".* FROM "ar_internal_metadata" WHERE "ar_internal_metadata"."key" = ? LIMIT ?[0m  [["key", "environment"], ["LIMIT", 1]]
  [1m[36mTRANSACTION (0.1ms)[0m  [1m[36mbegin transaction[0m
  [1m[36mActiveRecord::InternalMetadata Create (4.9ms)[0m  [1m[32mINSERT INTO "ar_internal_metadata" ("key", "value", "created_at", "updated_at") VALUES (?, ?, ?, ?)[0m  [["key", "environment"], ["value", "development"], ["created_at", "2021-05-31 17:15:36.355007"], ["updated_at", "2021-05-31 17:15:36.355007"]]
  [1m[36mTRANSACTION (10.9ms)[0m  [1m[36mcommit transaction[0m
  [1m[35m (0.1ms)[0m  [1m[34mSELECT sqlite_version(*)[0m
  [1m[35m (0.2ms)[0m  [1m[34mSELECT "schema_migrations"."version" FROM "schema_migrations" ORDER BY "schema_migrations"."version" ASC[0m
  [1m[35m (0.7ms)[0m  [1m[34mSELECT sqlite_version(*)[0m
  [1m[36mTRANSACTION (0.1ms)[0m  [1m[36mbegin transaction[0m
  [1m[36mArticle Create (0.4ms)[0m  [1m[32mINSERT INTO "articles" ("title", "body", "created_at", "updated_at") VALUES (?, ?, ?, ?)[0m  [["title", "Hello, Rails"], ["body", "I am on Rails!"], ["created_at", "2021-05-31 17:19:26.674950"], ["updated_at", "2021-05-31 17:19:26.674950"]]
  [1m[36mTRANSACTION (7.2ms)[0m  [1m[36mcommit transaction[0m
  [1m[36mArticle Load (0.3ms)[0m  [1m[34mSELECT "articles".* FROM "articles" WHERE "articles"."id" = ? LIMIT ?[0m  [["id", 1], ["LIMIT", 1]]
  [1m[36mArticle Load (0.2ms)[0m  [1m[34mSELECT "articles".* FROM "articles" /* loading for inspect */ LIMIT ?[0m  [["LIMIT", 11]]
  [1m[36mArticle Load (0.2ms)[0m  [1m[34mSELECT "articles".* FROM "articles" /* loading for inspect */ LIMIT ?[0m  [["LIMIT", 11]]
Started GET "/" for 127.0.0.1 at 2021-05-31 13:28:49 -0400
  [1m[35m (2.7ms)[0m  [1m[34mSELECT sqlite_version(*)[0m
  [1m[35m (1.1ms)[0m  [1m[34mSELECT "schema_migrations"."version" FROM "schema_migrations" ORDER BY "schema_migrations"."version" ASC[0m
Processing by ArticlesController#index as HTML
  Rendering layout layouts/application.html.erb
  Rendering articles/index.html.erb within layouts/application
  [1m[36mArticle Load (0.9ms)[0m  [1m[34mSELECT "articles".* FROM "articles"[0m
  ↳ app/views/articles/index.html.erb:4
  Rendered articles/index.html.erb within layouts/application (Duration: 32.0ms | Allocations: 3962)
[Webpacker] Everything's up-to-date. Nothing to do
  Rendered layout layouts/application.html.erb (Duration: 71.4ms | Allocations: 8954)
Completed 200 OK in 128ms (Views: 78.4ms | ActiveRecord: 2.0ms | Allocations: 11804)


Started GET "/articles/1" for 127.0.0.1 at 2021-05-31 14:22:41 -0400
Processing by ArticlesController#show as HTML
  Parameters: {"id"=>"1"}
Completed 500 Internal Server Error in 11ms (Allocations: 2359)


  
NameError (uninitialized constant ArticlesController::Articles):
  
app/controllers/articles_controller.rb:7:in `show'
Started GET "/articles/1" for 127.0.0.1 at 2021-05-31 14:23:07 -0400
Processing by ArticlesController#show as HTML
  Parameters: {"id"=>"1"}
  [1m[35m (0.3ms)[0m  [1m[34mSELECT sqlite_version(*)[0m
  ↳ app/controllers/articles_controller.rb:7:in `show'
  [1m[36mArticle Load (1.3ms)[0m  [1m[34mSELECT "articles".* FROM "articles" WHERE "articles"."id" = ? LIMIT ?[0m  [["id", 1], ["LIMIT", 1]]
  ↳ app/controllers/articles_controller.rb:7:in `show'
  Rendering layout layouts/application.html.erb
  Rendering articles/show.html.erb within layouts/application
  Rendered articles/show.html.erb within layouts/application (Duration: 2.1ms | Allocations: 141)
[Webpacker] Everything's up-to-date. Nothing to do
  Rendered layout layouts/application.html.erb (Duration: 38.0ms | Allocations: 3390)
Completed 200 OK in 103ms (Views: 46.4ms | ActiveRecord: 2.6ms | Allocations: 8666)


Started GET "/articles/new" for 127.0.0.1 at 2021-05-31 16:26:01 -0400
  [1m[35m (0.7ms)[0m  [1m[34mSELECT sqlite_version(*)[0m
  [1m[35m (0.6ms)[0m  [1m[34mSELECT "schema_migrations"."version" FROM "schema_migrations" ORDER BY "schema_migrations"."version" ASC[0m
  
NameError (undefined local variable or method `privite' for ArticlesController:Class
Did you mean?  private):
  
app/controllers/articles_controller.rb:23:in `<class:ArticlesController>'
app/controllers/articles_controller.rb:1:in `<main>'
Started GET "/articles/new" for 127.0.0.1 at 2021-05-31 16:26:21 -0400
Processing by ArticlesController#new as HTML
Completed 500 Internal Server Error in 16ms (Allocations: 1820)


  
ArgumentError (Range unspecified. Specify the :in, :within, :maximum, :minimum, or :is option.):
  
app/models/article.rb:3:in `<class:Article>'
app/models/article.rb:1:in `<main>'
app/controllers/articles_controller.rb:11:in `new'
Started GET "/articles/new" for 127.0.0.1 at 2021-05-31 16:28:09 -0400
Processing by ArticlesController#new as HTML
  [1m[35m (0.2ms)[0m  [1m[34mSELECT sqlite_version(*)[0m
  ↳ app/controllers/articles_controller.rb:11:in `new'
  Rendering layout layouts/application.html.erb
  Rendering articles/new.html.erb within layouts/application
  Rendered articles/new.html.erb within layouts/application (Duration: 41.4ms | Allocations: 4369)
  Rendered layout layouts/application.html.erb (Duration: 44.2ms | Allocations: 4434)
Completed 500 Internal Server Error in 85ms (ActiveRecord: 7.0ms | Allocations: 9788)


  
ActionView::Template::Error (undefined method `Form_with' for #<ActionView::Base:0x0000000000adc0>
Did you mean?  form_tag):
    1: <h1>New Article</h1>
    2: 
    3: <%= Form_with model: @article do |from|%>
    4:   <div>
    5:     <%= form.label :title %><br>
    6:     <%= form.text_field :title %>
  
app/views/articles/new.html.erb:3
Started GET "/articles/new" for 127.0.0.1 at 2021-05-31 16:29:10 -0400
Processing by ArticlesController#new as HTML
  Rendering layout layouts/application.html.erb
  Rendering articles/new.html.erb within layouts/application
  Rendered articles/new.html.erb within layouts/application (Duration: 32.8ms | Allocations: 4374)
  Rendered layout layouts/application.html.erb (Duration: 37.3ms | Allocations: 4439)
Completed 500 Internal Server Error in 45ms (ActiveRecord: 0.0ms | Allocations: 5524)


  
ActionView::Template::Error (undefined method `Form_with' for #<ActionView::Base:0x0000000000b180>
Did you mean?  form_tag):
    1: <h1>New Article</h1>
    2: 
    3: <%= Form_with model: @article do |form|%>
    4:   <div>
    5:     <%= form.label :title %><br>
    6:     <%= form.text_field :title %>
  
app/views/articles/new.html.erb:3
Started GET "/articles/new" for 127.0.0.1 at 2021-05-31 16:29:18 -0400
Processing by ArticlesController#new as HTML
  Rendering layout layouts/application.html.erb
  Rendering articles/new.html.erb within layouts/application
  Rendered articles/new.html.erb within layouts/application (Duration: 32.1ms | Allocations: 4083)
  Rendered layout layouts/application.html.erb (Duration: 33.8ms | Allocations: 4147)
Completed 500 Internal Server Error in 37ms (ActiveRecord: 0.0ms | Allocations: 4513)


  
ActionView::Template::Error (undefined method `Form_with' for #<ActionView::Base:0x0000000000b590>
Did you mean?  form_tag):
    1: <h1>New Article</h1>
    2: 
    3: <%= Form_with model: @article do |form|%>
    4:   <div>
    5:     <%= form.label :title %><br>
    6:     <%= form.text_field :title %>
  
app/views/articles/new.html.erb:3
Started GET "/articles/new" for 127.0.0.1 at 2021-05-31 16:52:40 -0400
Processing by ArticlesController#new as HTML
  Rendering layout layouts/application.html.erb
  Rendering articles/new.html.erb within layouts/application
  Rendered articles/new.html.erb within layouts/application (Duration: 37.9ms | Allocations: 4083)
  Rendered layout layouts/application.html.erb (Duration: 38.4ms | Allocations: 4148)
Completed 500 Internal Server Error in 40ms (Allocations: 4518)


  
ActionView::Template::Error (undefined method `Form_with' for #<ActionView::Base:0x0000000000b8b0>
Did you mean?  form_tag):
    1: <h1>New Article</h1>
    2: 
    3: <%= Form_with model: @article do |form|%>
    4:   <div>
    5:     <%= form.label :title %><br>
    6:     <%= form.text_field :title %>
  
app/views/articles/new.html.erb:3
Started GET "/articles/new" for 127.0.0.1 at 2021-05-31 17:38:29 -0400
Processing by ArticlesController#new as HTML
  Rendering layout layouts/application.html.erb
  Rendering articles/new.html.erb within layouts/application
  Rendered articles/new.html.erb within layouts/application (Duration: 30.3ms | Allocations: 4083)
  Rendered layout layouts/application.html.erb (Duration: 32.5ms | Allocations: 4147)
Completed 500 Internal Server Error in 36ms (Allocations: 4507)


  
ActionView::Template::Error (undefined method `Form_with' for #<ActionView::Base:0x0000000000bbd0>
Did you mean?  form_tag):
    1: <h1>New Article</h1>
    2: 
    3: <%= Form_with model: @article do |form|%>
    4:   <div>
    5:     <%= form.label :title %><br>
    6:     <%= form.text_field :title %>
  
app/views/articles/new.html.erb:3
Started GET "/articles/new" for 127.0.0.1 at 2021-05-31 17:39:03 -0400
Processing by ArticlesController#new as HTML
  Rendering layout layouts/application.html.erb
  Rendering articles/new.html.erb within layouts/application
  Rendered articles/new.html.erb within layouts/application (Duration: 102.8ms | Allocations: 7028)
[Webpacker] Everything's up-to-date. Nothing to do
  Rendered layout layouts/application.html.erb (Duration: 142.1ms | Allocations: 11910)
Completed 200 OK in 147ms (Views: 145.1ms | Allocations: 13020)


Started GET "/articles/new" for 127.0.0.1 at 2021-05-31 17:41:20 -0400
Processing by ArticlesController#new as HTML
  Rendering layout layouts/application.html.erb
  Rendering articles/new.html.erb within layouts/application
  Rendered articles/new.html.erb within layouts/application (Duration: 3.7ms | Allocations: 979)
[Webpacker] Everything's up-to-date. Nothing to do
  Rendered layout layouts/application.html.erb (Duration: 15.1ms | Allocations: 4088)
Completed 200 OK in 21ms (Views: 18.9ms | Allocations: 5184)


Started GET "/articles/1/edit" for 127.0.0.1 at 2021-06-01 11:06:45 -0400
Processing by ArticlesController#edit as HTML
  Parameters: {"id"=>"1"}
  [1m[35m (0.2ms)[0m  [1m[34mSELECT sqlite_version(*)[0m
  ↳ app/controllers/articles_controller.rb:24:in `edit'
  [1m[36mArticle Load (0.3ms)[0m  [1m[34mSELECT "articles".* FROM "articles" WHERE "articles"."id" = ? LIMIT ?[0m  [["id", 1], ["LIMIT", 1]]
  ↳ app/controllers/articles_controller.rb:24:in `edit'
  Rendering layout layouts/application.html.erb
  Rendering articles/edit.html.erb within layouts/application
  Rendered articles/_form.html.erb (Duration: 5.4ms | Allocations: 1084)
  Rendered articles/edit.html.erb within layouts/application (Duration: 6.6ms | Allocations: 1388)
[Webpacker] Everything's up-to-date. Nothing to do
  Rendered layout layouts/application.html.erb (Duration: 14.2ms | Allocations: 4483)
Completed 200 OK in 54ms (Views: 19.0ms | ActiveRecord: 1.1ms | Allocations: 9672)


  [1m[35m (0.7ms)[0m  [1m[34mSELECT sqlite_version(*)[0m
  [1m[35m (0.3ms)[0m  [1m[34mSELECT "schema_migrations"."version" FROM "schema_migrations" ORDER BY "schema_migrations"."version" ASC[0m
Migrating to CreateComments (20210601165045)
  [1m[36mTRANSACTION (0.1ms)[0m  [1m[36mbegin transaction[0m
  [1m[35m (0.5ms)[0m  [1m[35mCREATE TABLE "comments" ("id" integer PRIMARY KEY AUTOINCREMENT NOT NULL, "commenter" varchar, "body" text, "article_id" integer NOT NULL, "created_at" datetime(6) NOT NULL, "updated_at" datetime(6) NOT NULL, CONSTRAINT "fk_rails_3bf61a60d3"
FOREIGN KEY ("article_id")
  REFERENCES "articles" ("id")
)[0m
  [1m[35m (0.2ms)[0m  [1m[35mCREATE INDEX "index_comments_on_article_id" ON "comments" ("article_id")[0m
  [1m[36mActiveRecord::SchemaMigration Create (5.4ms)[0m  [1m[32mINSERT INTO "schema_migrations" ("version") VALUES (?)[0m  [["version", "20210601165045"]]
  [1m[36mTRANSACTION (146.1ms)[0m  [1m[36mcommit transaction[0m
  [1m[36mActiveRecord::InternalMetadata Load (0.3ms)[0m  [1m[34mSELECT "ar_internal_metadata".* FROM "ar_internal_metadata" WHERE "ar_internal_metadata"."key" = ? LIMIT ?[0m  [["key", "environment"], ["LIMIT", 1]]
  [1m[35m (0.2ms)[0m  [1m[34mSELECT sqlite_version(*)[0m
  [1m[35m (0.2ms)[0m  [1m[34mSELECT "schema_migrations"."version" FROM "schema_migrations" ORDER BY "schema_migrations"."version" ASC[0m
Started GET "/articles/1/edit" for 127.0.0.1 at 2021-06-01 13:42:49 -0400
  [1m[35m (0.7ms)[0m  [1m[34mSELECT sqlite_version(*)[0m
  [1m[35m (0.2ms)[0m  [1m[34mSELECT "schema_migrations"."version" FROM "schema_migrations" ORDER BY "schema_migrations"."version" ASC[0m
Processing by ArticlesController#edit as HTML
  Parameters: {"id"=>"1"}
  [1m[36mArticle Load (0.5ms)[0m  [1m[34mSELECT "articles".* FROM "articles" WHERE "articles"."id" = ? LIMIT ?[0m  [["id", 1], ["LIMIT", 1]]
  ↳ app/controllers/articles_controller.rb:24:in `edit'
  Rendering layout layouts/application.html.erb
  Rendering articles/edit.html.erb within layouts/application
  Rendered articles/_form.html.erb (Duration: 31.2ms | Allocations: 4351)
  Rendered articles/edit.html.erb within layouts/application (Duration: 37.4ms | Allocations: 4762)
[Webpacker] Everything's up-to-date. Nothing to do
  Rendered layout layouts/application.html.erb (Duration: 231.9ms | Allocations: 21072)
Completed 200 OK in 338ms (Views: 246.6ms | ActiveRecord: 1.5ms | Allocations: 28997)


Started GET "/articles" for 127.0.0.1 at 2021-06-01 13:42:56 -0400
Processing by ArticlesController#index as HTML
  Rendering layout layouts/application.html.erb
  Rendering articles/index.html.erb within layouts/application
  [1m[36mArticle Load (0.3ms)[0m  [1m[34mSELECT "articles".* FROM "articles"[0m
  ↳ app/views/articles/index.html.erb:4
  Rendered articles/index.html.erb within layouts/application (Duration: 5.0ms | Allocations: 877)
[Webpacker] Everything's up-to-date. Nothing to do
  Rendered layout layouts/application.html.erb (Duration: 12.8ms | Allocations: 3873)
Completed 200 OK in 15ms (Views: 13.3ms | ActiveRecord: 0.3ms | Allocations: 4387)


Started GET "/articles/1" for 127.0.0.1 at 2021-06-01 13:42:59 -0400
Processing by ArticlesController#show as HTML
  Parameters: {"id"=>"1"}
  [1m[36mArticle Load (0.2ms)[0m  [1m[34mSELECT "articles".* FROM "articles" WHERE "articles"."id" = ? LIMIT ?[0m  [["id", 1], ["LIMIT", 1]]
  ↳ app/controllers/articles_controller.rb:7:in `show'
  Rendering layout layouts/application.html.erb
  Rendering articles/show.html.erb within layouts/application
  Rendered articles/show.html.erb within layouts/application (Duration: 4.4ms | Allocations: 1610)
  Rendered layout layouts/application.html.erb (Duration: 5.2ms | Allocations: 1676)
Completed 500 Internal Server Error in 12ms (ActiveRecord: 0.2ms | Allocations: 2708)


  
ActionView::SyntaxErrorInTemplate (Encountered a syntax error while rendering template: check <h1><%= @article.title%></h1>
<p><%= @article.body%></p>
<ul>
  <li><%= link_to "Edit", edit_article_path(@article) %></li>
  <li><%= link_to "Destroy", article_path(@article),
                   method: delete:,
                   data: { confirm: "Are you sure?" } %></li>
</ul>

<h2>Comments</h2>
<%= @article.comments.each do |comment|%>
  <p>
    <strong>Commenter:</strong>
    <%= comment.commenter%>
  </p>
  <p>
    <strong>Comment:</strong>
    <%= comment.body %>
  </p>
<% end %>

<h2> Add a comment: </h2>
<%= form_with model: [ @article, @article.comments.build] do |form|%>
  <p>
    <%= form.label :commenter %><br>
    <%= form.text_field :commenter %>
  </p>
  <p>
    <%= form.label :body %><br>
    <%= form.text_field :body %>
  </p>

  <p>
    <%= form.submit %>
  </p>
<% end %>
):
1:    <h1><%= @article.title%></h1>
2:    <p><%= @article.body%></p>
3:    <ul>
4:      <li><%= link_to "Edit", edit_article_path(@article) %></li>
5:      <li><%= link_to "Destroy", article_path(@article),
6:                       method: delete:,
7:                       data: { confirm: "Are you sure?" } %></li>
8:    </ul>
9:    
10:    <h2>Comments</h2>
11:    <%= @article.comments.each do |comment|%>
12:      <p>
13:        <strong>Commenter:</strong>
14:        <%= comment.commenter%>
15:      </p>
16:      <p>
17:        <strong>Comment:</strong>
18:        <%= comment.body %>
19:      </p>
20:    <% end %>
21:    
22:    <h2> Add a comment: </h2>
23:    <%= form_with model: [ @article, @article.comments.build] do |form|%>
24:      <p>
25:        <%= form.label :commenter %><br>
26:        <%= form.text_field :commenter %>
27:      </p>
28:      <p>
29:        <%= form.label :body %><br>
30:        <%= form.text_field :body %>
31:      </p>
32:    
33:      <p>
34:        <%= form.submit %>
35:      </p>
36:    <% end %>
  
app/views/articles/show.html.erb:6: syntax error, unexpected tLABEL
app/views/articles/show.html.erb:6: syntax error, unexpected tLABEL
app/views/articles/show.html.erb:6: syntax error, unexpected tLABEL
app/views/articles/show.html.erb:6: syntax error, unexpected tLABEL
app/views/articles/show.html.erb:6: syntax error, unexpected tLABEL
app/views/articles/show.html.erb:6: syntax error, unexpected tLABEL
Started GET "/articles/1" for 127.0.0.1 at 2021-06-01 13:43:54 -0400
Processing by ArticlesController#show as HTML
  Parameters: {"id"=>"1"}
  [1m[36mArticle Load (0.2ms)[0m  [1m[34mSELECT "articles".* FROM "articles" WHERE "articles"."id" = ? LIMIT ?[0m  [["id", 1], ["LIMIT", 1]]
  ↳ app/controllers/articles_controller.rb:7:in `show'
  Rendering layout layouts/application.html.erb
  Rendering articles/show.html.erb within layouts/application
  [1m[36mComment Load (0.2ms)[0m  [1m[34mSELECT "comments".* FROM "comments" WHERE "comments"."article_id" = ?[0m  [["article_id", 1]]
  ↳ app/views/articles/show.html.erb:11
  Rendered articles/show.html.erb within layouts/application (Duration: 181.9ms | Allocations: 13690)
[Webpacker] Everything's up-to-date. Nothing to do
  Rendered layout layouts/application.html.erb (Duration: 207.8ms | Allocations: 16886)
Completed 200 OK in 218ms (Views: 210.1ms | ActiveRecord: 1.8ms | Allocations: 18678)


Started GET "/" for 127.0.0.1 at 2021-06-01 19:04:29 -0400
Processing by ArticlesController#index as HTML
  Rendering layout layouts/application.html.erb
  Rendering articles/index.html.erb within layouts/application
  [1m[35m (0.1ms)[0m  [1m[34mSELECT sqlite_version(*)[0m
  ↳ app/views/articles/index.html.erb:4
  [1m[36mArticle Load (0.2ms)[0m  [1m[34mSELECT "articles".* FROM "articles"[0m
  ↳ app/views/articles/index.html.erb:4
  Rendered articles/index.html.erb within layouts/application (Duration: 11.2ms | Allocations: 1568)
[Webpacker] Everything's up-to-date. Nothing to do
  Rendered layout layouts/application.html.erb (Duration: 29.9ms | Allocations: 4741)
Completed 200 OK in 36ms (Views: 34.2ms | ActiveRecord: 0.6ms | Allocations: 5844)


Started GET "/articles/1" for 127.0.0.1 at 2021-06-01 19:04:31 -0400
Processing by ArticlesController#show as HTML
  Parameters: {"id"=>"1"}
  [1m[36mArticle Load (0.2ms)[0m  [1m[34mSELECT "articles".* FROM "articles" WHERE "articles"."id" = ? LIMIT ?[0m  [["id", 1], ["LIMIT", 1]]
  ↳ app/controllers/articles_controller.rb:7:in `show'
  Rendering layout layouts/application.html.erb
  Rendering articles/show.html.erb within layouts/application
  [1m[36mComment Load (0.3ms)[0m  [1m[34mSELECT "comments".* FROM "comments" WHERE "comments"."article_id" = ?[0m  [["article_id", 1]]
  ↳ app/views/articles/show.html.erb:11
  Rendered collection of templates [0 times] (Duration: 0.1ms | Allocations: 13)
  Rendered comments/_form.html.erb (Duration: 0.4ms | Allocations: 98)
  Rendered articles/show.html.erb within layouts/application (Duration: 58.9ms | Allocations: 3816)
[Webpacker] Everything's up-to-date. Nothing to do
  Rendered layout layouts/application.html.erb (Duration: 70.9ms | Allocations: 6717)
Completed 200 OK in 78ms (Views: 73.2ms | ActiveRecord: 0.5ms | Allocations: 7791)


Started GET "/" for 127.0.0.1 at 2021-06-01 19:04:37 -0400
Processing by ArticlesController#index as HTML
  Rendering layout layouts/application.html.erb
  Rendering articles/index.html.erb within layouts/application
  [1m[36mArticle Load (0.4ms)[0m  [1m[34mSELECT "articles".* FROM "articles"[0m
  ↳ app/views/articles/index.html.erb:4
  Rendered articles/index.html.erb within layouts/application (Duration: 4.6ms | Allocations: 715)
[Webpacker] Everything's up-to-date. Nothing to do
  Rendered layout layouts/application.html.erb (Duration: 23.8ms | Allocations: 3714)
Completed 200 OK in 26ms (Views: 24.9ms | ActiveRecord: 0.4ms | Allocations: 4104)


Started GET "/articles/1" for 127.0.0.1 at 2021-06-01 19:04:43 -0400
Processing by ArticlesController#show as HTML
  Parameters: {"id"=>"1"}
  [1m[36mArticle Load (0.1ms)[0m  [1m[34mSELECT "articles".* FROM "articles" WHERE "articles"."id" = ? LIMIT ?[0m  [["id", 1], ["LIMIT", 1]]
  ↳ app/controllers/articles_controller.rb:7:in `show'
  Rendering layout layouts/application.html.erb
  Rendering articles/show.html.erb within layouts/application
  [1m[36mComment Load (0.6ms)[0m  [1m[34mSELECT "comments".* FROM "comments" WHERE "comments"."article_id" = ?[0m  [["article_id", 1]]
  ↳ app/views/articles/show.html.erb:11
  Rendered collection of templates [0 times] (Duration: 0.0ms | Allocations: 10)
  Rendered comments/_form.html.erb (Duration: 0.2ms | Allocations: 38)
  Rendered articles/show.html.erb within layouts/application (Duration: 12.1ms | Allocations: 1035)
[Webpacker] Everything's up-to-date. Nothing to do
  Rendered layout layouts/application.html.erb (Duration: 23.4ms | Allocations: 4028)
Completed 200 OK in 31ms (Views: 24.3ms | ActiveRecord: 0.7ms | Allocations: 4940)


Started GET "/articles/1/edit" for 127.0.0.1 at 2021-06-01 19:04:47 -0400
Processing by ArticlesController#edit as HTML
  Parameters: {"id"=>"1"}
  [1m[36mArticle Load (0.1ms)[0m  [1m[34mSELECT "articles".* FROM "articles" WHERE "articles"."id" = ? LIMIT ?[0m  [["id", 1], ["LIMIT", 1]]
  ↳ app/controllers/articles_controller.rb:24:in `edit'
  Rendering layout layouts/application.html.erb
  Rendering articles/edit.html.erb within layouts/application
  Rendered articles/_form.html.erb (Duration: 6.2ms | Allocations: 1005)
  Rendered articles/edit.html.erb within layouts/application (Duration: 11.6ms | Allocations: 1299)
[Webpacker] Everything's up-to-date. Nothing to do
  Rendered layout layouts/application.html.erb (Duration: 26.9ms | Allocations: 4294)
Completed 200 OK in 33ms (Views: 27.8ms | ActiveRecord: 0.1ms | Allocations: 5352)


